app/build_backup_before_junction/intermediates/manifest_merge_blame_file/debug/processDebugMainManifest/manifest-merger-blame-debug-report.txt
1<?xml version="1.0" encoding="utf-8"?>
2<manifest xmlns:android="http://schemas.android.com/apk/res/android"
3    package="com.athar.accessibilitymapping"
4    android:versionCode="1"
5    android:versionName="1.0.0" >
6
7    <uses-sdk
8        android:minSdkVersion="24"
9        android:targetSdkVersion="34" />
10
11    <uses-permission android:name="android.permission.INTERNET" />
11-->src\main\AndroidManifest.xml:2:3-65
11-->src\main\AndroidManifest.xml:2:20-62
12    <uses-permission android:name="android.permission.ACCESS_FINE_LOCATION" />
12-->src\main\AndroidManifest.xml:3:3-77
12-->src\main\AndroidManifest.xml:3:20-74
13    <uses-permission android:name="android.permission.ACCESS_COARSE_LOCATION" />
13-->src\main\AndroidManifest.xml:4:3-79
13-->src\main\AndroidManifest.xml:4:20-76
14    <uses-permission android:name="android.permission.CAMERA" />
14-->src\main\AndroidManifest.xml:5:3-63
14-->src\main\AndroidManifest.xml:5:20-60
15
16    <uses-feature
16-->src\main\AndroidManifest.xml:6:3-83
17        android:name="android.hardware.camera"
17-->src\main\AndroidManifest.xml:6:17-55
18        android:required="false" />
18-->src\main\AndroidManifest.xml:6:56-80
19
20    <uses-permission android:name="android.permission.ACCESS_WIFI_STATE" /> <!-- Include required permissions for Google Maps API to run. -->
20-->[com.google.android.libraries.places:places:3.5.0] AndroidManifest.xml:11:5-76
20-->[com.google.android.libraries.places:places:3.5.0] AndroidManifest.xml:11:22-73
21    <uses-permission android:name="android.permission.ACCESS_NETWORK_STATE" />
21-->[com.google.android.gms:play-services-maps:20.0.0] AndroidManifest.xml:20:5-78
21-->[com.google.android.gms:play-services-maps:20.0.0] AndroidManifest.xml:20:22-76
22
23    <uses-feature
23-->[com.google.android.gms:play-services-maps:20.0.0] AndroidManifest.xml:22:5-24:33
24        android:glEsVersion="0x00020000"
24-->[com.google.android.gms:play-services-maps:20.0.0] AndroidManifest.xml:23:8-40
25        android:required="true" />
25-->[com.google.android.gms:play-services-maps:20.0.0] AndroidManifest.xml:24:8-31
26
27    <queries>
27-->[com.google.android.gms:play-services-maps:20.0.0] AndroidManifest.xml:27:5-30:15
28
29        <!-- Needs to be explicitly declared on Android R+ -->
30        <package android:name="com.google.android.apps.maps" />
30-->[com.google.android.gms:play-services-maps:20.0.0] AndroidManifest.xml:29:7-61
30-->[com.google.android.gms:play-services-maps:20.0.0] AndroidManifest.xml:29:16-59
31    </queries>
32
33    <permission
33-->[androidx.core:core:1.17.0] AndroidManifest.xml:22:5-24:47
34        android:name="com.athar.accessibilitymapping.DYNAMIC_RECEIVER_NOT_EXPORTED_PERMISSION"
34-->[androidx.core:core:1.17.0] AndroidManifest.xml:23:9-81
35        android:protectionLevel="signature" />
35-->[androidx.core:core:1.17.0] AndroidManifest.xml:24:9-44
36
37    <uses-permission android:name="com.athar.accessibilitymapping.DYNAMIC_RECEIVER_NOT_EXPORTED_PERMISSION" />
37-->[androidx.core:core:1.17.0] AndroidManifest.xml:26:5-97
37-->[androidx.core:core:1.17.0] AndroidManifest.xml:26:22-94
38
39    <application
39-->src\main\AndroidManifest.xml:8:3-27:17
40        android:allowBackup="true"
40-->src\main\AndroidManifest.xml:9:5-31
41        android:appComponentFactory="androidx.core.app.CoreComponentFactory"
41-->[androidx.core:core:1.17.0] AndroidManifest.xml:28:18-86
42        android:debuggable="true"
43        android:extractNativeLibs="false"
44        android:label="Athar"
44-->src\main\AndroidManifest.xml:10:5-26
45        android:supportsRtl="true"
45-->src\main\AndroidManifest.xml:13:5-31
46        android:theme="@style/Theme.Athar"
46-->src\main\AndroidManifest.xml:12:5-39
47        android:usesCleartextTraffic="true" >
47-->src\main\AndroidManifest.xml:11:5-40
48        <meta-data
49            android:name="com.google.android.geo.API_KEY"
49-->src\main\AndroidManifest.xml:15:7-52
50            android:value="AIzaSyAJ3nicpl50oIkMWm09T6m2mvvNYDJYH0s" />
50-->src\main\AndroidManifest.xml:16:7-38
51
52        <activity
52-->src\main\AndroidManifest.xml:18:5-26:16
53            android:name="com.athar.accessibilitymapping.MainActivity"
53-->src\main\AndroidManifest.xml:19:7-35
54            android:exported="true"
54-->src\main\AndroidManifest.xml:20:7-30
55            android:theme="@style/Theme.Athar" >
55-->src\main\AndroidManifest.xml:21:7-41
56            <intent-filter>
56-->src\main\AndroidManifest.xml:22:7-25:23
57                <action android:name="android.intent.action.MAIN" />
57-->src\main\AndroidManifest.xml:23:9-61
57-->src\main\AndroidManifest.xml:23:17-58
58
59                <category android:name="android.intent.category.LAUNCHER" />
59-->src\main\AndroidManifest.xml:24:9-69
59-->src\main\AndroidManifest.xml:24:19-66
60            </intent-filter>
61        </activity>
62
63        <provider
63-->[com.google.maps.android:maps-compose:8.1.0] AndroidManifest.xml:24:9-32:20
64            android:name="androidx.startup.InitializationProvider"
64-->[com.google.maps.android:maps-compose:8.1.0] AndroidManifest.xml:25:13-67
65            android:authorities="com.athar.accessibilitymapping.androidx-startup"
65-->[com.google.maps.android:maps-compose:8.1.0] AndroidManifest.xml:26:13-68
66            android:exported="false" >
66-->[com.google.maps.android:maps-compose:8.1.0] AndroidManifest.xml:27:13-37
67            <meta-data
67-->[com.google.maps.android:maps-compose:8.1.0] AndroidManifest.xml:29:13-31:52
68                android:name="com.google.maps.android.compose.utils.attribution.AttributionIdInitializer"
68-->[com.google.maps.android:maps-compose:8.1.0] AndroidManifest.xml:30:17-106
69                android:value="androidx.startup" />
69-->[com.google.maps.android:maps-compose:8.1.0] AndroidManifest.xml:31:17-49
70            <meta-data
70-->[com.google.maps.android:maps-ktx:6.0.0] AndroidManifest.xml:30:13-32:52
71                android:name="com.google.maps.android.ktx.utils.attribution.AttributionIdInitializer"
71-->[com.google.maps.android:maps-ktx:6.0.0] AndroidManifest.xml:31:17-102
72                android:value="androidx.startup" />
72-->[com.google.maps.android:maps-ktx:6.0.0] AndroidManifest.xml:32:17-49
73            <meta-data
73-->[androidx.emoji2:emoji2:1.4.0] AndroidManifest.xml:29:13-31:52
74                android:name="androidx.emoji2.text.EmojiCompatInitializer"
74-->[androidx.emoji2:emoji2:1.4.0] AndroidManifest.xml:30:17-75
75                android:value="androidx.startup" />
75-->[androidx.emoji2:emoji2:1.4.0] AndroidManifest.xml:31:17-49
76            <meta-data
76-->[androidx.lifecycle:lifecycle-process:2.10.0] AndroidManifest.xml:29:13-31:52
77                android:name="androidx.lifecycle.ProcessLifecycleInitializer"
77-->[androidx.lifecycle:lifecycle-process:2.10.0] AndroidManifest.xml:30:17-78
78                android:value="androidx.startup" />
78-->[androidx.lifecycle:lifecycle-process:2.10.0] AndroidManifest.xml:31:17-49
79            <meta-data
79-->[androidx.profileinstaller:profileinstaller:1.4.0] AndroidManifest.xml:29:13-31:52
80                android:name="androidx.profileinstaller.ProfileInstallerInitializer"
80-->[androidx.profileinstaller:profileinstaller:1.4.0] AndroidManifest.xml:30:17-85
81                android:value="androidx.startup" />
81-->[androidx.profileinstaller:profileinstaller:1.4.0] AndroidManifest.xml:31:17-49
82        </provider>
83
84        <activity
84-->[com.google.android.libraries.places:places:3.5.0] AndroidManifest.xml:15:9-21:20
85            android:name="com.google.android.libraries.places.widget.AutocompleteActivity"
85-->[com.google.android.libraries.places:places:3.5.0] AndroidManifest.xml:16:13-91
86            android:exported="false"
86-->[com.google.android.libraries.places:places:3.5.0] AndroidManifest.xml:17:13-37
87            android:label="@string/places_autocomplete_label"
87-->[com.google.android.libraries.places:places:3.5.0] AndroidManifest.xml:18:13-62
88            android:theme="@style/PlacesAutocompleteOverlay"
88-->[com.google.android.libraries.places:places:3.5.0] AndroidManifest.xml:19:13-61
89            android:windowSoftInputMode="adjustResize" >
89-->[com.google.android.libraries.places:places:3.5.0] AndroidManifest.xml:20:13-55
90        </activity>
91        <!--
92        Service for holding metadata. Cannot be instantiated.
93        Metadata will be merged from other manifests.
94        -->
95        <service
95-->[androidx.camera:camera-core:1.3.4] AndroidManifest.xml:29:9-33:78
96            android:name="androidx.camera.core.impl.MetadataHolderService"
96-->[androidx.camera:camera-core:1.3.4] AndroidManifest.xml:30:13-75
97            android:enabled="false"
97-->[androidx.camera:camera-core:1.3.4] AndroidManifest.xml:31:13-36
98            android:exported="false" >
98-->[androidx.camera:camera-core:1.3.4] AndroidManifest.xml:32:13-37
99            <meta-data
99-->[androidx.camera:camera-camera2:1.3.4] AndroidManifest.xml:30:13-32:89
100                android:name="androidx.camera.core.impl.MetadataHolderService.DEFAULT_CONFIG_PROVIDER"
100-->[androidx.camera:camera-camera2:1.3.4] AndroidManifest.xml:31:17-103
101                android:value="androidx.camera.camera2.Camera2Config$DefaultProvider" />
101-->[androidx.camera:camera-camera2:1.3.4] AndroidManifest.xml:32:17-86
102        </service>
103
104        <activity
104-->[com.google.android.gms:play-services-base:18.5.0] AndroidManifest.xml:5:9-173
105            android:name="com.google.android.gms.common.api.GoogleApiActivity"
105-->[com.google.android.gms:play-services-base:18.5.0] AndroidManifest.xml:5:19-85
106            android:exported="false"
106-->[com.google.android.gms:play-services-base:18.5.0] AndroidManifest.xml:5:146-170
107            android:theme="@android:style/Theme.Translucent.NoTitleBar" />
107-->[com.google.android.gms:play-services-base:18.5.0] AndroidManifest.xml:5:86-145
108
109        <meta-data
109-->[com.google.android.gms:play-services-basement:18.9.0] AndroidManifest.xml:21:9-23:69
110            android:name="com.google.android.gms.version"
110-->[com.google.android.gms:play-services-basement:18.9.0] AndroidManifest.xml:22:13-58
111            android:value="@integer/google_play_services_version" />
111-->[com.google.android.gms:play-services-basement:18.9.0] AndroidManifest.xml:23:13-66
112
113        <uses-library
113-->[androidx.window:window:1.5.0] AndroidManifest.xml:23:9-25:40
114            android:name="androidx.window.extensions"
114-->[androidx.window:window:1.5.0] AndroidManifest.xml:24:13-54
115            android:required="false" />
115-->[androidx.window:window:1.5.0] AndroidManifest.xml:25:13-37
116        <uses-library
116-->[androidx.window:window:1.5.0] AndroidManifest.xml:26:9-28:40
117            android:name="androidx.window.sidecar"
117-->[androidx.window:window:1.5.0] AndroidManifest.xml:27:13-51
118            android:required="false" />
118-->[androidx.window:window:1.5.0] AndroidManifest.xml:28:13-37
119
120        <activity
120-->[androidx.compose.ui:ui-test-manifest:1.10.3] AndroidManifest.xml:23:9-26:79
121            android:name="androidx.activity.ComponentActivity"
121-->[androidx.compose.ui:ui-test-manifest:1.10.3] AndroidManifest.xml:24:13-63
122            android:exported="true"
122-->[androidx.compose.ui:ui-test-manifest:1.10.3] AndroidManifest.xml:25:13-36
123            android:theme="@android:style/Theme.Material.Light.NoActionBar" />
123-->[androidx.compose.ui:ui-test-manifest:1.10.3] AndroidManifest.xml:26:13-76
124        <activity
124-->[androidx.compose.ui:ui-tooling-android:1.10.3] AndroidManifest.xml:23:9-25:39
125            android:name="androidx.compose.ui.tooling.PreviewActivity"
125-->[androidx.compose.ui:ui-tooling-android:1.10.3] AndroidManifest.xml:24:13-71
126            android:exported="true" />
126-->[androidx.compose.ui:ui-tooling-android:1.10.3] AndroidManifest.xml:25:13-36
127
128        <receiver
128-->[androidx.profileinstaller:profileinstaller:1.4.0] AndroidManifest.xml:34:9-52:20
129            android:name="androidx.profileinstaller.ProfileInstallReceiver"
129-->[androidx.profileinstaller:profileinstaller:1.4.0] AndroidManifest.xml:35:13-76
130            android:directBootAware="false"
130-->[androidx.profileinstaller:profileinstaller:1.4.0] AndroidManifest.xml:36:13-44
131            android:enabled="true"
131-->[androidx.profileinstaller:profileinstaller:1.4.0] AndroidManifest.xml:37:13-35
132            android:exported="true"
132-->[androidx.profileinstaller:profileinstaller:1.4.0] AndroidManifest.xml:38:13-36
133            android:permission="android.permission.DUMP" >
133-->[androidx.profileinstaller:profileinstaller:1.4.0] AndroidManifest.xml:39:13-57
134            <intent-filter>
134-->[androidx.profileinstaller:profileinstaller:1.4.0] AndroidManifest.xml:40:13-42:29
135                <action android:name="androidx.profileinstaller.action.INSTALL_PROFILE" />
135-->[androidx.profileinstaller:profileinstaller:1.4.0] AndroidManifest.xml:41:17-91
135-->[androidx.profileinstaller:profileinstaller:1.4.0] AndroidManifest.xml:41:25-88
136            </intent-filter>
137            <intent-filter>
137-->[androidx.profileinstaller:profileinstaller:1.4.0] AndroidManifest.xml:43:13-45:29
138                <action android:name="androidx.profileinstaller.action.SKIP_FILE" />
138-->[androidx.profileinstaller:profileinstaller:1.4.0] AndroidManifest.xml:44:17-85
138-->[androidx.profileinstaller:profileinstaller:1.4.0] AndroidManifest.xml:44:25-82
139            </intent-filter>
140            <intent-filter>
140-->[androidx.profileinstaller:profileinstaller:1.4.0] AndroidManifest.xml:46:13-48:29
141                <action android:name="androidx.profileinstaller.action.SAVE_PROFILE" />
141-->[androidx.profileinstaller:profileinstaller:1.4.0] AndroidManifest.xml:47:17-88
141-->[androidx.profileinstaller:profileinstaller:1.4.0] AndroidManifest.xml:47:25-85
142            </intent-filter>
143            <intent-filter>
143-->[androidx.profileinstaller:profileinstaller:1.4.0] AndroidManifest.xml:49:13-51:29
144                <action android:name="androidx.profileinstaller.action.BENCHMARK_OPERATION" />
144-->[androidx.profileinstaller:profileinstaller:1.4.0] AndroidManifest.xml:50:17-95
144-->[androidx.profileinstaller:profileinstaller:1.4.0] AndroidManifest.xml:50:25-92
145            </intent-filter>
146        </receiver>
147
148        <service
148-->[com.google.android.datatransport:transport-backend-cct:3.2.0] AndroidManifest.xml:26:9-32:19
149            android:name="com.google.android.datatransport.runtime.backends.TransportBackendDiscovery"
149-->[com.google.android.datatransport:transport-backend-cct:3.2.0] AndroidManifest.xml:27:13-103
150            android:exported="false" >
150-->[com.google.android.datatransport:transport-backend-cct:3.2.0] AndroidManifest.xml:28:13-37
151            <meta-data
151-->[com.google.android.datatransport:transport-backend-cct:3.2.0] AndroidManifest.xml:29:13-31:39
152                android:name="backend:com.google.android.datatransport.cct.CctBackendFactory"
152-->[com.google.android.datatransport:transport-backend-cct:3.2.0] AndroidManifest.xml:30:17-94
153                android:value="cct" />
153-->[com.google.android.datatransport:transport-backend-cct:3.2.0] AndroidManifest.xml:31:17-36
154        </service>
155        <service
155-->[com.google.android.datatransport:transport-runtime:3.2.0] AndroidManifest.xml:24:9-28:19
156            android:name="com.google.android.datatransport.runtime.scheduling.jobscheduling.JobInfoSchedulerService"
156-->[com.google.android.datatransport:transport-runtime:3.2.0] AndroidManifest.xml:25:13-117
157            android:exported="false"
157-->[com.google.android.datatransport:transport-runtime:3.2.0] AndroidManifest.xml:26:13-37
158            android:permission="android.permission.BIND_JOB_SERVICE" >
158-->[com.google.android.datatransport:transport-runtime:3.2.0] AndroidManifest.xml:27:13-69
159        </service>
160
161        <receiver
161-->[com.google.android.datatransport:transport-runtime:3.2.0] AndroidManifest.xml:30:9-32:40
162            android:name="com.google.android.datatransport.runtime.scheduling.jobscheduling.AlarmManagerSchedulerBroadcastReceiver"
162-->[com.google.android.datatransport:transport-runtime:3.2.0] AndroidManifest.xml:31:13-132
163            android:exported="false" />
163-->[com.google.android.datatransport:transport-runtime:3.2.0] AndroidManifest.xml:32:13-37
164    </application>
165
166</manifest>